<?xml version="1.0" encoding="UTF-8"?>
<!-- Generated by org.testng.reporters.JUnitReportReporter -->
<testsuite hostname="DESKTOP-RKFKFHD" failures="0" tests="1" name="tests.SearchByImageTest" time="12.827" errors="0" timestamp="2022-04-09T20:49:55 EET" skipped="0">
  <testcase classname="tests.SearchByImageTest" name="UserUploadImage" time="12.827"/>
</testsuite> <!-- tests.SearchByImageTest -->
