<?xml version="1.0" encoding="UTF-8"?>
<!-- Generated by org.testng.reporters.JUnitReportReporter -->
<testsuite hostname="DESKTOP-RKFKFHD" failures="0" tests="2" name="tests.SearchResultTest" time="16.756" errors="0" timestamp="2022-04-08T01:44:31 EET" skipped="0">
  <testcase classname="tests.SearchResultTest" name="UserOpenLink" time="13.542"/>
  <testcase classname="tests.SearchResultTest" name="UsersearchAgain" time="3.214"/>
</testsuite> <!-- tests.SearchResultTest -->
