<?xml version="1.0" encoding="UTF-8"?>
<!-- Generated by org.testng.reporters.JUnitReportReporter -->
<testsuite hostname="DESKTOP-RKFKFHD" failures="0" tests="2" name="tests.SearchByTextTest" time="20.579" errors="0" timestamp="2022-04-09T16:26:48 EET" skipped="0">
  <testcase classname="tests.SearchByTextTest" name="UserOpenTopicLink" time="18.738"/>
  <testcase classname="tests.SearchByTextTest" name="UserSearchByMisspelledKeyword" time="1.841"/>
</testsuite> <!-- tests.SearchByTextTest -->
