<?xml version="1.0" encoding="UTF-8"?>
<!-- Generated by org.testng.reporters.JUnitReportReporter -->
<testsuite hostname="DESKTOP-RKFKFHD" failures="0" tests="2" name="tests.VideoDetailsTest" time="22.549" errors="0" timestamp="2022-04-07T21:41:28 EET" skipped="0">
  <testcase classname="tests.VideoDetailsTest" name="UserOpenLink" time="12.749"/>
  <testcase classname="tests.VideoDetailsTest" name="Useropensecondlink" time="9.800"/>
</testsuite> <!-- tests.VideoDetailsTest -->
