<?xml version="1.0" encoding="UTF-8"?>
<!-- Generated by org.testng.reporters.JUnitReportReporter -->
<testsuite hostname="DESKTOP-RKFKFHD" failures="0" tests="1" name="tests.UploadImageTest" time="15.623" errors="0" timestamp="2022-04-08T00:51:54 EET" skipped="0">
  <testcase classname="tests.UploadImageTest" name="UserUploadImage" time="15.623"/>
</testsuite> <!-- tests.UploadImageTest -->
